<?xml version="1.0" encoding="UTF-8"?>
<!-- Generated by org.testng.reporters.JUnitXMLReporter -->
<testsuite ignored="0" hostname="DESKTOP-KD3FGE0" failures="0" tests="7" name="API Tests" time="8.24" errors="0" timestamp="2026-02-10T10:44:22 IST">
  <testcase classname="com.api.Logout.LogoutAPI" name="verifyLogoutwithinvalidUserid" time="2.068"/>
  <testcase classname="com.api.Logout.LogoutAPI" name="verifyvalidLogout" time="1.677"/>
  <testcase classname="com.sms.Login.LoginAPI" name="verifyloginwithValidemailAndInvalidPassword" time="0.792"/>
  <testcase classname="com.sms.Login.LoginAPI" name="verifyloginwithinValidemailAndvalidPassword" time="0.72"/>
  <testcase classname="com.sms.Login.LoginAPI" name="verifyloginwithinValidemailAndinvalidPassword" time="0.695"/>
  <testcase classname="com.sms.Login.LoginAPI" name="verifyloginwithblankemailAndblankPassword" time="0.913"/>
  <testcase classname="com.sms.Login.LoginAPI" name="verifyvalidlogin" time="0.71"/>
</testsuite> <!-- API Tests -->
