<?xml version="1.0" encoding="UTF-8"?>
<!-- Generated by org.testng.reporters.JUnitXMLReporter -->
<testsuite ignored="0" hostname="GGINITLP15YH344" failures="0" tests="6" name="API Tests" time="12.614" errors="0" timestamp="2025-12-17T21:37:33 IST">
  <testcase classname="com.api.test.LogoutAPI" name="verifyvalidLogout" time="4.398"/>
  <testcase classname="com.sms.Login.LoginAPI" name="verifyloginwithValidemailAndInvalidPassword" time="1.866"/>
  <testcase classname="com.sms.Login.LoginAPI" name="verifyloginwithinValidemailAndvalidPassword" time="1.229"/>
  <testcase classname="com.sms.Login.LoginAPI" name="verifyloginwithinValidemailAndinvalidPassword" time="1.01"/>
  <testcase classname="com.sms.Login.LoginAPI" name="verifyloginwithblankemailAndblankPassword" time="1.561"/>
  <testcase classname="com.sms.Login.LoginAPI" name="verifyvalidlogin" time="1.705"/>
</testsuite> <!-- API Tests -->
