<?xml version="1.0" encoding="UTF-8"?>
<!-- Generated by org.testng.reporters.JUnitXMLReporter -->
<testsuite ignored="1" hostname="GGINITLP15YH344" failures="0" tests="2" name="Test" time="5.159" errors="0" timestamp="2025-11-25T10:17:52 IST">
  <testcase classname="com.api.test.FormCreateAPI" name="verifyformCreate" time="3.688"/>
  <testcase classname="com.api.test.FormCreateAPI" name="verifyGetForm" time="0.952"/>
  <testcase classname="com.api.test.FormCreateAPI" name="verifyPublishForm" time="0.0">
    <ignored/>
  </testcase> <!-- verifyPublishForm -->
</testsuite> <!-- Test -->
