<?xml version="1.0" encoding="UTF-8"?>
<testng-results ignored="0" total="6" passed="6" failed="0" skipped="0">
  <reporter-output>
  </reporter-output>
  <suite started-at="2025-12-17T21:37:21 IST" name="Suite" finished-at="2025-12-17T21:37:33 IST" duration-ms="12614">
    <groups>
    </groups>
    <test started-at="2025-12-17T21:37:21 IST" name="API Tests" finished-at="2025-12-17T21:37:33 IST" duration-ms="12614">
      <class name="com.api.test.LogoutAPI">
        <test-method is-config="true" signature="setup()[pri:0, instance:com.api.test.LogoutAPI@609bcfb6]" started-at="2025-12-17T21:37:21 IST" name="setup" finished-at="2025-12-17T21:37:21 IST" duration-ms="487" status="PASS">
          <reporter-output>
          </reporter-output>
        </test-method> <!-- setup -->
        <test-method signature="verifyvalidLogout()[pri:1, instance:com.api.test.LogoutAPI@609bcfb6]" started-at="2025-12-17T21:37:21 IST" name="verifyvalidLogout" finished-at="2025-12-17T21:37:25 IST" duration-ms="4398" status="PASS">
          <reporter-output>
          </reporter-output>
        </test-method> <!-- verifyvalidLogout -->
        <test-method is-config="true" signature="teardown()[pri:0, instance:com.api.test.LogoutAPI@609bcfb6]" started-at="2025-12-17T21:37:25 IST" name="teardown" finished-at="2025-12-17T21:37:26 IST" duration-ms="275" status="PASS">
          <reporter-output>
          </reporter-output>
        </test-method> <!-- teardown -->
      </class> <!-- com.api.test.LogoutAPI -->
      <class name="com.sms.Login.LoginAPI">
        <test-method is-config="true" signature="setup()[pri:0, instance:com.sms.Login.LoginAPI@7f284218]" started-at="2025-12-17T21:37:26 IST" name="setup" finished-at="2025-12-17T21:37:26 IST" duration-ms="1" status="PASS">
          <reporter-output>
          </reporter-output>
        </test-method> <!-- setup -->
        <test-method signature="verifyloginwithValidemailAndInvalidPassword()[pri:1, instance:com.sms.Login.LoginAPI@7f284218]" started-at="2025-12-17T21:37:26 IST" name="verifyloginwithValidemailAndInvalidPassword" finished-at="2025-12-17T21:37:28 IST" duration-ms="1866" status="PASS">
          <reporter-output>
          </reporter-output>
        </test-method> <!-- verifyloginwithValidemailAndInvalidPassword -->
        <test-method signature="verifyloginwithinValidemailAndvalidPassword()[pri:2, instance:com.sms.Login.LoginAPI@7f284218]" started-at="2025-12-17T21:37:28 IST" name="verifyloginwithinValidemailAndvalidPassword" finished-at="2025-12-17T21:37:29 IST" duration-ms="1229" status="PASS">
          <reporter-output>
          </reporter-output>
        </test-method> <!-- verifyloginwithinValidemailAndvalidPassword -->
        <test-method signature="verifyloginwithinValidemailAndinvalidPassword()[pri:3, instance:com.sms.Login.LoginAPI@7f284218]" started-at="2025-12-17T21:37:29 IST" name="verifyloginwithinValidemailAndinvalidPassword" finished-at="2025-12-17T21:37:30 IST" duration-ms="1010" status="PASS">
          <reporter-output>
          </reporter-output>
        </test-method> <!-- verifyloginwithinValidemailAndinvalidPassword -->
        <test-method signature="verifyloginwithblankemailAndblankPassword()[pri:4, instance:com.sms.Login.LoginAPI@7f284218]" started-at="2025-12-17T21:37:30 IST" name="verifyloginwithblankemailAndblankPassword" finished-at="2025-12-17T21:37:31 IST" duration-ms="1561" status="PASS">
          <reporter-output>
          </reporter-output>
        </test-method> <!-- verifyloginwithblankemailAndblankPassword -->
        <test-method signature="verifyvalidlogin()[pri:5, instance:com.sms.Login.LoginAPI@7f284218]" started-at="2025-12-17T21:37:31 IST" name="verifyvalidlogin" finished-at="2025-12-17T21:37:33 IST" duration-ms="1705" status="PASS">
          <reporter-output>
          </reporter-output>
        </test-method> <!-- verifyvalidlogin -->
        <test-method is-config="true" signature="teardown()[pri:0, instance:com.sms.Login.LoginAPI@7f284218]" started-at="2025-12-17T21:37:33 IST" name="teardown" finished-at="2025-12-17T21:37:33 IST" duration-ms="30" status="PASS">
          <reporter-output>
          </reporter-output>
        </test-method> <!-- teardown -->
      </class> <!-- com.sms.Login.LoginAPI -->
    </test> <!-- API Tests -->
  </suite> <!-- Suite -->
</testng-results>
