<?xml version="1.0" encoding="UTF-8"?>
<testng-results ignored="0" total="7" passed="7" failed="0" skipped="0">
  <reporter-output>
  </reporter-output>
  <suite started-at="2026-02-10T10:44:14 IST" name="Suite" finished-at="2026-02-10T10:44:22 IST" duration-ms="8240">
    <groups>
    </groups>
    <test started-at="2026-02-10T10:44:14 IST" name="API Tests" finished-at="2026-02-10T10:44:22 IST" duration-ms="8240">
      <class name="com.api.Logout.LogoutAPI">
        <test-method is-config="true" signature="setup()[pri:0, instance:com.api.Logout.LogoutAPI@5c80cf32]" started-at="2026-02-10T10:44:14 IST" name="setup" finished-at="2026-02-10T10:44:14 IST" duration-ms="345" status="PASS">
          <reporter-output>
          </reporter-output>
        </test-method> <!-- setup -->
        <test-method signature="verifyLogoutwithinvalidUserid()[pri:1, instance:com.api.Logout.LogoutAPI@5c80cf32]" started-at="2026-02-10T10:44:15 IST" name="verifyLogoutwithinvalidUserid" finished-at="2026-02-10T10:44:17 IST" duration-ms="2068" status="PASS">
          <reporter-output>
          </reporter-output>
        </test-method> <!-- verifyLogoutwithinvalidUserid -->
        <test-method signature="verifyvalidLogout()[pri:2, instance:com.api.Logout.LogoutAPI@5c80cf32]" started-at="2026-02-10T10:44:17 IST" name="verifyvalidLogout" finished-at="2026-02-10T10:44:18 IST" duration-ms="1677" status="PASS">
          <reporter-output>
          </reporter-output>
        </test-method> <!-- verifyvalidLogout -->
        <test-method is-config="true" signature="teardown()[pri:0, instance:com.api.Logout.LogoutAPI@5c80cf32]" started-at="2026-02-10T10:44:18 IST" name="teardown" finished-at="2026-02-10T10:44:18 IST" duration-ms="226" status="PASS">
          <reporter-output>
          </reporter-output>
        </test-method> <!-- teardown -->
      </class> <!-- com.api.Logout.LogoutAPI -->
      <class name="com.sms.Login.LoginAPI">
        <test-method is-config="true" signature="setup()[pri:0, instance:com.sms.Login.LoginAPI@4201c465]" started-at="2026-02-10T10:44:18 IST" name="setup" finished-at="2026-02-10T10:44:18 IST" duration-ms="1" status="PASS">
          <reporter-output>
          </reporter-output>
        </test-method> <!-- setup -->
        <test-method signature="verifyloginwithValidemailAndInvalidPassword()[pri:1, instance:com.sms.Login.LoginAPI@4201c465]" started-at="2026-02-10T10:44:18 IST" name="verifyloginwithValidemailAndInvalidPassword" finished-at="2026-02-10T10:44:19 IST" duration-ms="792" status="PASS">
          <reporter-output>
          </reporter-output>
        </test-method> <!-- verifyloginwithValidemailAndInvalidPassword -->
        <test-method signature="verifyloginwithinValidemailAndvalidPassword()[pri:2, instance:com.sms.Login.LoginAPI@4201c465]" started-at="2026-02-10T10:44:19 IST" name="verifyloginwithinValidemailAndvalidPassword" finished-at="2026-02-10T10:44:20 IST" duration-ms="720" status="PASS">
          <reporter-output>
          </reporter-output>
        </test-method> <!-- verifyloginwithinValidemailAndvalidPassword -->
        <test-method signature="verifyloginwithinValidemailAndinvalidPassword()[pri:3, instance:com.sms.Login.LoginAPI@4201c465]" started-at="2026-02-10T10:44:20 IST" name="verifyloginwithinValidemailAndinvalidPassword" finished-at="2026-02-10T10:44:21 IST" duration-ms="695" status="PASS">
          <reporter-output>
          </reporter-output>
        </test-method> <!-- verifyloginwithinValidemailAndinvalidPassword -->
        <test-method signature="verifyloginwithblankemailAndblankPassword()[pri:4, instance:com.sms.Login.LoginAPI@4201c465]" started-at="2026-02-10T10:44:21 IST" name="verifyloginwithblankemailAndblankPassword" finished-at="2026-02-10T10:44:22 IST" duration-ms="913" status="PASS">
          <reporter-output>
          </reporter-output>
        </test-method> <!-- verifyloginwithblankemailAndblankPassword -->
        <test-method signature="verifyvalidlogin()[pri:5, instance:com.sms.Login.LoginAPI@4201c465]" started-at="2026-02-10T10:44:22 IST" name="verifyvalidlogin" finished-at="2026-02-10T10:44:22 IST" duration-ms="710" status="PASS">
          <reporter-output>
          </reporter-output>
        </test-method> <!-- verifyvalidlogin -->
        <test-method is-config="true" signature="teardown()[pri:0, instance:com.sms.Login.LoginAPI@4201c465]" started-at="2026-02-10T10:44:22 IST" name="teardown" finished-at="2026-02-10T10:44:22 IST" duration-ms="37" status="PASS">
          <reporter-output>
          </reporter-output>
        </test-method> <!-- teardown -->
      </class> <!-- com.sms.Login.LoginAPI -->
    </test> <!-- API Tests -->
  </suite> <!-- Suite -->
</testng-results>
