<?xml version="1.0" encoding="UTF-8"?>
<!-- Generated by org.testng.reporters.JUnitReportReporter -->
<testsuite hostname="GGINITLP15YH344" failures="0" tests="5" name="com.sms.Login.LoginAPI" time="7.371" errors="0" timestamp="2025-12-17T21:37:33 IST" skipped="0">
  <testcase classname="com.sms.Login.LoginAPI" name="verifyloginwithValidemailAndInvalidPassword" time="1.866"/>
  <testcase classname="com.sms.Login.LoginAPI" name="verifyloginwithinValidemailAndvalidPassword" time="1.229"/>
  <testcase classname="com.sms.Login.LoginAPI" name="verifyloginwithinValidemailAndinvalidPassword" time="1.010"/>
  <testcase classname="com.sms.Login.LoginAPI" name="verifyloginwithblankemailAndblankPassword" time="1.561"/>
  <testcase classname="com.sms.Login.LoginAPI" name="verifyvalidlogin" time="1.705"/>
</testsuite> <!-- com.sms.Login.LoginAPI -->
