<?xml version="1.0" encoding="UTF-8"?>
<!-- Generated by org.testng.reporters.JUnitReportReporter -->
<testsuite hostname="DESKTOP-KD3FGE0" failures="0" tests="2" name="com.api.Logout.LogoutAPI" time="3.745" errors="0" timestamp="2026-02-10T10:44:23 IST" skipped="0">
  <testcase classname="com.api.Logout.LogoutAPI" name="verifyLogoutwithinvalidUserid" time="2.068"/>
  <testcase classname="com.api.Logout.LogoutAPI" name="verifyvalidLogout" time="1.677"/>
</testsuite> <!-- com.api.Logout.LogoutAPI -->
