<?xml version="1.0" encoding="UTF-8"?>
<!-- Generated by org.testng.reporters.JUnitReportReporter -->
<testsuite hostname="DESKTOP-KD3FGE0" failures="0" tests="5" name="com.sms.Login.LoginAPI" time="3.830" errors="0" timestamp="2026-02-10T10:44:23 IST" skipped="0">
  <testcase classname="com.sms.Login.LoginAPI" name="verifyloginwithValidemailAndInvalidPassword" time="0.792"/>
  <testcase classname="com.sms.Login.LoginAPI" name="verifyloginwithinValidemailAndvalidPassword" time="0.720"/>
  <testcase classname="com.sms.Login.LoginAPI" name="verifyloginwithinValidemailAndinvalidPassword" time="0.695"/>
  <testcase classname="com.sms.Login.LoginAPI" name="verifyloginwithblankemailAndblankPassword" time="0.913"/>
  <testcase classname="com.sms.Login.LoginAPI" name="verifyvalidlogin" time="0.710"/>
</testsuite> <!-- com.sms.Login.LoginAPI -->
