<?xml version="1.0" encoding="UTF-8"?>
<!-- Generated by org.testng.reporters.JUnitReportReporter -->
<testsuite hostname="GGINITLP15YH344" failures="0" tests="3" name="com.api.test.FormCreateAPI" time="4.640" errors="0" timestamp="2025-11-25T10:17:52 IST" skipped="1">
  <testcase classname="com.api.test.FormCreateAPI" name="verifyformCreate" time="3.688"/>
  <testcase classname="com.api.test.FormCreateAPI" name="verifyGetForm" time="0.952"/>
  <testcase classname="com.api.test.FormCreateAPI" name="verifyPublishForm">
    <skipped/>
  </testcase> <!-- verifyPublishForm -->
</testsuite> <!-- com.api.test.FormCreateAPI -->
